\BOOKMARK [1][-]{section.1}{\376\377\000L\000e\000c\000t\000u\000r\000e\000\040\0001\000\040\000\050\0009\000/\0002\0003\000\051}{}% 1
\BOOKMARK [2][-]{subsection.1.1}{\376\377\000P\000r\000o\000b\000l\000e\000m\000s}{section.1}% 2
\BOOKMARK [1][-]{section.2}{\376\377\000L\000e\000c\000t\000u\000r\000e\000\040\0002\000\040\000\050\0009\000/\0002\0008\000\051}{}% 3
\BOOKMARK [2][-]{subsection.2.1}{\376\377\000P\000r\000o\000b\000l\000e\000m\000s}{section.2}% 4
\BOOKMARK [1][-]{section.3}{\376\377\000L\000e\000c\000t\000u\000r\000e\000\040\0003\000\040\000\050\0009\000/\0003\0000\000\051}{}% 5
\BOOKMARK [2][-]{subsection.3.1}{\376\377\000P\000r\000o\000b\000l\000e\000m\000s}{section.3}% 6
\BOOKMARK [1][-]{section.4}{\376\377\000L\000e\000c\000t\000u\000r\000e\000\040\0004\000\040\000\050\0001\0000\000/\0005\000\051}{}% 7
\BOOKMARK [2][-]{subsection.4.1}{\376\377\000P\000r\000o\000b\000l\000e\000m\000s}{section.4}% 8
\BOOKMARK [1][-]{section.5}{\376\377\000L\000e\000c\000t\000u\000r\000e\000\040\0005\000\040\000\050\0001\0000\000/\0007\000\051}{}% 9
\BOOKMARK [2][-]{subsection.5.1}{\376\377\000P\000r\000o\000b\000l\000e\000m\000s}{section.5}% 10
\BOOKMARK [1][-]{section.6}{\376\377\000L\000e\000c\000t\000u\000r\000e\000\040\0006\000\040\000\050\0001\0000\000/\0001\0002\000\051}{}% 11
\BOOKMARK [2][-]{subsection.6.1}{\376\377\000P\000r\000o\000b\000l\000e\000m\000s}{section.6}% 12
\BOOKMARK [1][-]{section.7}{\376\377\000L\000e\000c\000t\000u\000r\000e\000\040\0007\000\040\000\050\0001\0000\000/\0001\0004\000\051}{}% 13
\BOOKMARK [2][-]{subsection.7.1}{\376\377\000P\000r\000o\000b\000l\000e\000m\000s}{section.7}% 14
\BOOKMARK [1][-]{section.8}{\376\377\000L\000e\000c\000t\000u\000r\000e\000\040\0008\000\040\000\050\0001\0000\000/\0001\0009\000\051}{}% 15
\BOOKMARK [2][-]{subsection.8.1}{\376\377\000P\000r\000o\000b\000l\000e\000m\000s}{section.8}% 16
\BOOKMARK [1][-]{section.9}{\376\377\000L\000e\000c\000t\000u\000r\000e\000\040\0009\000\040\000\050\0001\0000\000/\0002\0001\000\051}{}% 17
\BOOKMARK [2][-]{subsection.9.1}{\376\377\000P\000r\000o\000b\000l\000e\000m\000s}{section.9}% 18
\BOOKMARK [1][-]{section.10}{\376\377\000L\000e\000c\000t\000u\000r\000e\000\040\0001\0000\000\040\000\050\0001\0000\000/\0002\0006\000\051}{}% 19
\BOOKMARK [2][-]{subsection.10.1}{\376\377\000P\000r\000o\000b\000l\000e\000m\000s}{section.10}% 20
\BOOKMARK [1][-]{section.11}{\376\377\000L\000e\000c\000t\000u\000r\000e\000\040\0001\0001\000\040\000\050\0001\0000\000/\0002\0008\000\051}{}% 21
\BOOKMARK [2][-]{subsection.11.1}{\376\377\000P\000r\000o\000b\000l\000e\000m\000s}{section.11}% 22
\BOOKMARK [1][-]{section.12}{\376\377\000L\000e\000c\000t\000u\000r\000e\000\040\0001\0002\000\040\000\050\0001\0001\000/\0002\000\051}{}% 23
\BOOKMARK [2][-]{subsection.12.1}{\376\377\000P\000r\000o\000b\000l\000e\000m\000s}{section.12}% 24
\BOOKMARK [1][-]{section.13}{\376\377\000L\000e\000c\000t\000u\000r\000e\000\040\0001\0003\000\040\000\050\0001\0001\000/\0004\000\051}{}% 25
\BOOKMARK [2][-]{subsection.13.1}{\376\377\000P\000r\000o\000b\000l\000e\000m\000s}{section.13}% 26
\BOOKMARK [1][-]{section.14}{\376\377\000L\000e\000c\000t\000u\000r\000e\000\040\0001\0004\000\040\000\050\0001\0001\000/\0009\000\051}{}% 27
\BOOKMARK [2][-]{subsection.14.1}{\376\377\000P\000r\000o\000b\000l\000e\000m\000s}{section.14}% 28
\BOOKMARK [1][-]{section.15}{\376\377\000L\000e\000c\000t\000u\000r\000e\000\040\0001\0005\000\040\000\050\0001\0001\000/\0001\0006\000\051}{}% 29
\BOOKMARK [2][-]{subsection.15.1}{\376\377\000P\000r\000o\000b\000l\000e\000m\000s}{section.15}% 30
\BOOKMARK [1][-]{section.16}{\376\377\000L\000e\000c\000t\000u\000r\000e\000\040\0001\0006\000\040\000\050\0001\0001\000/\0001\0008\000\051}{}% 31
\BOOKMARK [2][-]{subsection.16.1}{\376\377\000P\000r\000o\000b\000l\000e\000m\000s}{section.16}% 32
\BOOKMARK [1][-]{section.17}{\376\377\000L\000e\000c\000t\000u\000r\000e\000\040\0001\0007\000\040\000\050\0001\0001\000/\0002\0003\000\051}{}% 33
\BOOKMARK [2][-]{subsection.17.1}{\376\377\000P\000r\000o\000b\000l\000e\000m\000s}{section.17}% 34
\BOOKMARK [1][-]{section.18}{\376\377\000L\000e\000c\000t\000u\000r\000e\000\040\0001\0008\000\040\000\050\0001\0001\000/\0003\0000\000\051}{}% 35
\BOOKMARK [2][-]{subsection.18.1}{\376\377\000P\000r\000o\000b\000l\000e\000m\000s}{section.18}% 36
